-------------------------------------------------------------------------------
Test set: com.testjavadeveloper.fikrizulfikarkusmana.FikrizulfikarkusmanaApplicationTests
-------------------------------------------------------------------------------
Tests run: 1, Failures: 0, Errors: 1, Skipped: 0, Time elapsed: 29.91 s <<< FAILURE! - in com.testjavadeveloper.fikrizulfikarkusmana.FikrizulfikarkusmanaApplicationTests
contextLoads  Time elapsed: 0.083 s  <<< ERROR!
java.lang.IllegalStateException: Failed to load ApplicationContext
Caused by: org.springframework.beans.factory.BeanCreationException: Error creating bean with name 'entityManagerFactory' defined in class path resource [org/springframework/boot/autoconfigure/orm/jpa/HibernateJpaConfiguration.class]: Invocation of init method failed; nested exception is org.hibernate.AnnotationException: No identifier specified for entity: com.testjavadeveloper.fikrizulfikarkusmana.entity.Order
Caused by: org.hibernate.AnnotationException: No identifier specified for entity: com.testjavadeveloper.fikrizulfikarkusmana.entity.Order

